Determining if the pthread_create exist failed with the following output:
Change Dir: /home/jjj/NGCLAB/catkin_ws/src/rgb2grey/build/CMakeFiles/CMakeTmp

Run Build Command:"/usr/bin/make" "cmTC_3db07/fast"
/usr/bin/make -f CMakeFiles/cmTC_3db07.dir/build.make CMakeFiles/cmTC_3db07.dir/build
make[1]: Entering directory '/home/jjj/NGCLAB/catkin_ws/src/rgb2grey/build/CMakeFiles/CMakeTmp'
Building C object CMakeFiles/cmTC_3db07.dir/CheckSymbolExists.c.o
/usr/bin/gcc-5     -o CMakeFiles/cmTC_3db07.dir/CheckSymbolExists.c.o   -c /home/jjj/NGCLAB/catkin_ws/src/rgb2grey/build/CMakeFiles/CMakeTmp/CheckSymbolExists.c
Linking C executable cmTC_3db07
/usr/bin/cmake -E cmake_link_script CMakeFiles/cmTC_3db07.dir/link.txt --verbose=1
/usr/bin/gcc-5       CMakeFiles/cmTC_3db07.dir/CheckSymbolExists.c.o  -o cmTC_3db07 -rdynamic 
CMakeFiles/cmTC_3db07.dir/CheckSymbolExists.c.o: In function `main':
CheckSymbolExists.c:(.text+0x16): undefined reference to `pthread_create'
collect2: error: ld returned 1 exit status
CMakeFiles/cmTC_3db07.dir/build.make:97: recipe for target 'cmTC_3db07' failed
make[1]: *** [cmTC_3db07] Error 1
make[1]: Leaving directory '/home/jjj/NGCLAB/catkin_ws/src/rgb2grey/build/CMakeFiles/CMakeTmp'
Makefile:126: recipe for target 'cmTC_3db07/fast' failed
make: *** [cmTC_3db07/fast] Error 2

File /home/jjj/NGCLAB/catkin_ws/src/rgb2grey/build/CMakeFiles/CMakeTmp/CheckSymbolExists.c:
/* */
#include <pthread.h>

int main(int argc, char** argv)
{
  (void)argv;
#ifndef pthread_create
  return ((int*)(&pthread_create))[argc];
#else
  (void)argc;
  return 0;
#endif
}

Determining if the function pthread_create exists in the pthreads failed with the following output:
Change Dir: /home/jjj/NGCLAB/catkin_ws/src/rgb2grey/build/CMakeFiles/CMakeTmp

Run Build Command:"/usr/bin/make" "cmTC_65f46/fast"
/usr/bin/make -f CMakeFiles/cmTC_65f46.dir/build.make CMakeFiles/cmTC_65f46.dir/build
make[1]: Entering directory '/home/jjj/NGCLAB/catkin_ws/src/rgb2grey/build/CMakeFiles/CMakeTmp'
Building C object CMakeFiles/cmTC_65f46.dir/CheckFunctionExists.c.o
/usr/bin/gcc-5    -DCHECK_FUNCTION_EXISTS=pthread_create   -o CMakeFiles/cmTC_65f46.dir/CheckFunctionExists.c.o   -c /usr/share/cmake-3.5/Modules/CheckFunctionExists.c
Linking C executable cmTC_65f46
/usr/bin/cmake -E cmake_link_script CMakeFiles/cmTC_65f46.dir/link.txt --verbose=1
/usr/bin/gcc-5   -DCHECK_FUNCTION_EXISTS=pthread_create    CMakeFiles/cmTC_65f46.dir/CheckFunctionExists.c.o  -o cmTC_65f46 -rdynamic -lpthreads 
/usr/bin/ld: cannot find -lpthreads
collect2: error: ld returned 1 exit status
CMakeFiles/cmTC_65f46.dir/build.make:97: recipe for target 'cmTC_65f46' failed
make[1]: *** [cmTC_65f46] Error 1
make[1]: Leaving directory '/home/jjj/NGCLAB/catkin_ws/src/rgb2grey/build/CMakeFiles/CMakeTmp'
Makefile:126: recipe for target 'cmTC_65f46/fast' failed
make: *** [cmTC_65f46/fast] Error 2


